  _openpose.cpp
D:\git\openpose\3rdparty\windows\opencv\include\opencv2/core/mat.hpp(1965): warning C4819: 현재 코드 페이지(949)에서 표시할 수 없는 문자가 파일에 들어 있습니다. 데이터가 손실되지 않게 하려면 해당 파일을 유니코드 형식으로 저장하십시오.
D:\git\openpose\3rdparty\windows\opencv\include\opencv2/core/persistence.hpp : warning C4819: 현재 코드 페이지(949)에서 표시할 수 없는 문자가 파일에 들어 있습니다. 데이터가 손실되지 않게 하려면 해당 파일을 유니코드 형식으로 저장하십시오.
D:\git\openpose\3rdparty\windows\opencv\include\opencv2/core/utility.hpp : warning C4819: 현재 코드 페이지(949)에서 표시할 수 없는 문자가 파일에 들어 있습니다. 데이터가 손실되지 않게 하려면 해당 파일을 유니코드 형식으로 저장하십시오.
D:\git\openpose\3rdparty\windows\opencv\include\opencv2/core/utility.hpp : warning C4819: 현재 코드 페이지(949)에서 표시할 수 없는 문자가 파일에 들어 있습니다. 데이터가 손실되지 않게 하려면 해당 파일을 유니코드 형식으로 저장하십시오.
D:\git\openpose\3rdparty\windows\caffe3rdparty\include\google/protobuf/arena.h(82): warning C4100: 'size': 참조되지 않은 정식 매개 변수입니다.
D:\git\openpose\3rdparty\windows\caffe3rdparty\include\google/protobuf/message_lite.h(247): warning C4267: 'return': 'size_t'에서 'int'(으)로 변환하면서 데이터가 손실될 수 있습니다.
D:\git\openpose\3rdparty\windows\caffe\include\caffe/util/io.hpp(53): warning C4244: '인수': 'uint64_t'에서 'int'(으)로 변환하면서 데이터가 손실될 수 있습니다.
D:\git\openpose\python\openpose\_openpose.cpp(258): warning C4091: '__declspec(dllimport)': 변수를 선언하지 않으면 'OpenPose' 왼쪽은 무시됩니다.
D:\git\openpose\python\openpose\_openpose.cpp(174): warning C4244: '인수': 'double'에서 'const float'(으)로 변환하면서 데이터가 손실될 수 있습니다.
D:\git\openpose\python\openpose\_openpose.cpp(238): warning C4244: '초기화 중': 'double'에서 'float'(으)로 변환하면서 데이터가 손실될 수 있습니다.
D:\git\openpose\python\openpose\_openpose.cpp(254): warning C4244: '인수': 'double'에서 'const float'(으)로 변환하면서 데이터가 손실될 수 있습니다.
D:\git\openpose\python\openpose\_openpose.cpp(180): warning C4100: 'imageSizes': 참조되지 않은 정식 매개 변수입니다.
D:\git\openpose\python\openpose\_openpose.cpp(287): warning C4267: '인수': 'size_t'에서 'int'(으)로 변환하면서 데이터가 손실될 수 있습니다.
D:\git\openpose\python\openpose\_openpose.cpp(288): warning C4267: '인수': 'size_t'에서 'int'(으)로 변환하면서 데이터가 손실될 수 있습니다.
D:\git\openpose\python\openpose\_openpose.cpp(300): warning C4100: 'op': 참조되지 않은 정식 매개 변수입니다.
D:\git\openpose\python\openpose\_openpose.cpp(306): warning C4267: '인수': 'size_t'에서 'int'(으)로 변환하면서 데이터가 손실될 수 있습니다.
D:\git\openpose\python\openpose\_openpose.cpp(307): warning C4267: '인수': 'size_t'에서 'int'(으)로 변환하면서 데이터가 손실될 수 있습니다.
D:\git\openpose\python\openpose\_openpose.cpp(313): warning C4244: '인수': 'float'에서 'const int'(으)로 변환하면서 데이터가 손실될 수 있습니다.
D:\git\openpose\python\openpose\_openpose.cpp(329): warning C4244: '인수': 'float'에서 'const int'(으)로 변환하면서 데이터가 손실될 수 있습니다.
D:\git\openpose\3rdparty\windows\caffe3rdparty\include\boost-1_61\boost/lexical_cast/detail/converter_lexical_streams.hpp(640): warning C4459: 'output' 선언은 전역 선언을 숨깁니다.
  D:\git\openpose\python\openpose\_openpose.cpp(265): note: 'output' 선언을 참조하십시오.
  D:\git\openpose\3rdparty\windows\caffe3rdparty\include\boost-1_61\boost/lexical_cast/detail/converter_lexical_streams.hpp(640): note: 클래스 템플릿 멤버 함수 'bool boost::detail::lexical_ostream_limited_src<char,std::char_traits<char>>::operator >>(unsigned short &)'을(를) 컴파일하고 있습니다.
  D:\git\openpose\3rdparty\windows\caffe3rdparty\include\boost-1_61\boost/lexical_cast/detail/converter_lexical.hpp(485): note: 컴파일 중인 함수 템플릿 인스턴스화 'bool boost::detail::lexical_ostream_limited_src<char,std::char_traits<char>>::operator >>(unsigned short &)'에 대한 참조를 확인하십시오.
  D:\git\openpose\3rdparty\windows\caffe3rdparty\include\boost-1_61\boost/lexical_cast/detail/converter_lexical.hpp(482): note: 컴파일 중인 클래스 템플릿 인스턴스화 'boost::detail::lexical_ostream_limited_src<char,std::char_traits<char>>'에 대한 참조를 확인하십시오.
  D:\git\openpose\3rdparty\windows\caffe3rdparty\include\boost-1_61\boost/lexical_cast/detail/converter_lexical.hpp(475): note: 클래스 템플릿 멤버 함수 'bool boost::detail::lexical_converter_impl<Target,src>::try_convert(const Source &,Target &)'을(를) 컴파일하고 있습니다.
          with
          [
              Target=unsigned short,
              Source=src
          ]
  D:\git\openpose\3rdparty\windows\caffe3rdparty\include\boost-1_61\boost/lexical_cast/try_lexical_convert.hpp(196): note: 컴파일 중인 함수 템플릿 인스턴스화 'bool boost::detail::lexical_converter_impl<Target,src>::try_convert(const Source &,Target &)'에 대한 참조를 확인하십시오.
          with
          [
              Target=unsigned short,
              Source=src
          ]
  D:\git\openpose\3rdparty\windows\caffe3rdparty\include\boost-1_61\boost/lexical_cast/try_lexical_convert.hpp(196): note: 컴파일 중인 클래스 템플릿 인스턴스화 'boost::detail::lexical_converter_impl<Target,src>'에 대한 참조를 확인하십시오.
          with
          [
              Target=unsigned short
          ]
  D:\git\openpose\3rdparty\windows\caffe3rdparty\include\boost-1_61\boost/lexical_cast.hpp(41): note: 컴파일 중인 함수 템플릿 인스턴스화 'bool boost::conversion::detail::try_lexical_convert<Target,Source>(const Source &,Target &)'에 대한 참조를 확인하십시오.
          with
          [
              Target=unsigned short,
              Source=std::basic_string<char,std::char_traits<char>,std::allocator<char>>
          ]
  D:\git\openpose\3rdparty\windows\caffe3rdparty\include\boost-1_61\boost/date_time/date_parsing.hpp(137): note: 컴파일 중인 함수 템플릿 인스턴스화 'Target boost::lexical_cast<unsigned short,Type>(const Source &)'에 대한 참조를 확인하십시오.
          with
          [
              Target=unsigned short,
              Type=std::basic_string<char,std::char_traits<char>,std::allocator<char>>,
              Source=std::basic_string<char,std::char_traits<char>,std::allocator<char>>
          ]
  D:\git\openpose\3rdparty\windows\caffe3rdparty\include\boost-1_61\boost/date_time/gregorian/parsers.hpp(30): note: 컴파일 중인 함수 템플릿 인스턴스화 'date_type boost::date_time::parse_date<boost::gregorian::date>(const std::string &,int)'에 대한 참조를 확인하십시오.
          with
          [
              date_type=boost::gregorian::date
          ]
D:\git\openpose\3rdparty\windows\caffe3rdparty\include\boost-1_61\boost/lexical_cast/detail/converter_lexical_streams.hpp(648): warning C4459: 'output' 선언은 전역 선언을 숨깁니다.
  D:\git\openpose\python\openpose\_openpose.cpp(265): note: 'output' 선언을 참조하십시오.
  D:\git\openpose\3rdparty\windows\caffe3rdparty\include\boost-1_61\boost/lexical_cast/detail/converter_lexical_streams.hpp(648): note: 클래스 템플릿 멤버 함수 'bool boost::detail::lexical_ostream_limited_src<char,std::char_traits<char>>::operator >>(boost::long_long_type &)'을(를) 컴파일하고 있습니다.
  D:\git\openpose\3rdparty\windows\caffe3rdparty\include\boost-1_61\boost/lexical_cast/detail/converter_lexical.hpp(485): note: 컴파일 중인 함수 템플릿 인스턴스화 'bool boost::detail::lexical_ostream_limited_src<char,std::char_traits<char>>::operator >>(boost::long_long_type &)'에 대한 참조를 확인하십시오.
D:\git\openpose\3rdparty\windows\caffe3rdparty\include\boost-1_61\boost/lexical_cast/detail/converter_lexical_streams.hpp(644): warning C4459: 'output' 선언은 전역 선언을 숨깁니다.
  D:\git\openpose\python\openpose\_openpose.cpp(265): note: 'output' 선언을 참조하십시오.
  D:\git\openpose\3rdparty\windows\caffe3rdparty\include\boost-1_61\boost/lexical_cast/detail/converter_lexical_streams.hpp(644): note: 클래스 템플릿 멤버 함수 'bool boost::detail::lexical_ostream_limited_src<char,std::char_traits<char>>::operator >>(int &)'을(를) 컴파일하고 있습니다.
  D:\git\openpose\3rdparty\windows\caffe3rdparty\include\boost-1_61\boost/lexical_cast/detail/converter_lexical.hpp(485): note: 컴파일 중인 함수 템플릿 인스턴스화 'bool boost::detail::lexical_ostream_limited_src<char,std::char_traits<char>>::operator >>(int &)'에 대한 참조를 확인하십시오.
D:\git\openpose\3rdparty\windows\caffe3rdparty\include\boost-1_61\boost/lexical_cast/detail/converter_lexical_streams.hpp(643): warning C4459: 'output' 선언은 전역 선언을 숨깁니다.
  D:\git\openpose\python\openpose\_openpose.cpp(265): note: 'output' 선언을 참조하십시오.
  D:\git\openpose\3rdparty\windows\caffe3rdparty\include\boost-1_61\boost/lexical_cast/detail/converter_lexical_streams.hpp(643): note: 클래스 템플릿 멤버 함수 'bool boost::detail::lexical_ostream_limited_src<char,std::char_traits<char>>::operator >>(short &)'을(를) 컴파일하고 있습니다.
  D:\git\openpose\3rdparty\windows\caffe3rdparty\include\boost-1_61\boost/lexical_cast/detail/converter_lexical.hpp(485): note: 컴파일 중인 함수 템플릿 인스턴스화 'bool boost::detail::lexical_ostream_limited_src<char,std::char_traits<char>>::operator >>(short &)'에 대한 참조를 확인하십시오.
C:\Program Files (x86)\Microsoft Visual Studio 14.0\VC\include\xmemory0(737): warning C4244: '초기화 중': 'double'에서 'float'(으)로 변환하면서 데이터가 손실될 수 있습니다.
  C:\Program Files (x86)\Microsoft Visual Studio 14.0\VC\include\xmemory0(857): note: 컴파일 중인 함수 템플릿 인스턴스화 'void std::allocator<_Ty>::construct<_Objty,double&>(_Objty *,double &)'에 대한 참조를 확인하십시오.
          with
          [
              _Ty=float,
              _Objty=float
          ]
  C:\Program Files (x86)\Microsoft Visual Studio 14.0\VC\include\xmemory0(857): note: 컴파일 중인 함수 템플릿 인스턴스화 'void std::allocator<_Ty>::construct<_Objty,double&>(_Objty *,double &)'에 대한 참조를 확인하십시오.
          with
          [
              _Ty=float,
              _Objty=float
          ]
  C:\Program Files (x86)\Microsoft Visual Studio 14.0\VC\include\xmemory0(996): note: 컴파일 중인 함수 템플릿 인스턴스화 'void std::allocator_traits<_Alloc>::construct<_Ty,double&>(std::allocator<_Ty> &,_Objty *,double &)'에 대한 참조를 확인하십시오.
          with
          [
              _Alloc=std::allocator<float>,
              _Ty=float,
              _Objty=float
          ]
  C:\Program Files (x86)\Microsoft Visual Studio 14.0\VC\include\xmemory0(995): note: 컴파일 중인 함수 템플릿 인스턴스화 'void std::allocator_traits<_Alloc>::construct<_Ty,double&>(std::allocator<_Ty> &,_Objty *,double &)'에 대한 참조를 확인하십시오.
          with
          [
              _Alloc=std::allocator<float>,
              _Ty=float,
              _Objty=float
          ]
  C:\Program Files (x86)\Microsoft Visual Studio 14.0\VC\include\xmemory(225): note: 컴파일 중인 함수 템플릿 인스턴스화 'void std::_Wrap_alloc<std::allocator<_Ty>>::construct<_Ty,double&>(_Ty *,double &)'에 대한 참조를 확인하십시오.
          with
          [
              _Ty=float
          ]
  C:\Program Files (x86)\Microsoft Visual Studio 14.0\VC\include\xmemory(225): note: 컴파일 중인 함수 템플릿 인스턴스화 'void std::_Wrap_alloc<std::allocator<_Ty>>::construct<_Ty,double&>(_Ty *,double &)'에 대한 참조를 확인하십시오.
          with
          [
              _Ty=float
          ]
  C:\Program Files (x86)\Microsoft Visual Studio 14.0\VC\include\xmemory(251): note: 컴파일 중인 함수 템플릿 인스턴스화 '_FwdIt *std::_Uninitialized_copy_al_unchecked1<_InIt,_FwdIt,std::allocator<_Ty>>(_InIt,_InIt,_FwdIt,std::_Wrap_alloc<std::allocator<_Ty>> &,std::_General_ptr_iterator_tag,std::_Any_tag)'에 대한 참조를 확인하십시오.
          with
          [
              _FwdIt=float *,
              _InIt=double *,
              _Ty=float
          ]
  C:\Program Files (x86)\Microsoft Visual Studio 14.0\VC\include\xmemory(264): note: 컴파일 중인 함수 템플릿 인스턴스화 '_FwdIt *std::_Uninitialized_copy_al_unchecked<double*,_Iter,std::allocator<_Ty>>(_InIt,_InIt,_FwdIt,std::_Wrap_alloc<std::allocator<_Ty>> &)'에 대한 참조를 확인하십시오.
          with
          [
              _FwdIt=float *,
              _Iter=float *,
              _Ty=float,
              _InIt=double *
          ]
  C:\Program Files (x86)\Microsoft Visual Studio 14.0\VC\include\vector(1653): note: 컴파일 중인 함수 템플릿 인스턴스화 '_FwdIt *std::_Uninitialized_copy<_Iter,float*,std::allocator<_Ty>>(_InIt,_InIt,_FwdIt,std::_Wrap_alloc<std::allocator<_Ty>> &)'에 대한 참조를 확인하십시오.
          with
          [
              _FwdIt=float *,
              _Iter=std::_Vector_iterator<std::_Vector_val<std::_Simple_types<double>>>,
              _Ty=float,
              _InIt=std::_Vector_iterator<std::_Vector_val<std::_Simple_types<double>>>
          ]
  C:\Program Files (x86)\Microsoft Visual Studio 14.0\VC\include\vector(818): note: 컴파일 중인 함수 템플릿 인스턴스화 'float *std::vector<float,std::allocator<_Ty>>::_Ucopy<_Iter>(_Iter,_Iter,float *)'에 대한 참조를 확인하십시오.
          with
          [
              _Ty=float,
              _Iter=std::_Vector_iterator<std::_Vector_val<std::_Simple_types<double>>>
          ]
  C:\Program Files (x86)\Microsoft Visual Studio 14.0\VC\include\vector(818): note: 컴파일 중인 함수 템플릿 인스턴스화 'float *std::vector<float,std::allocator<_Ty>>::_Ucopy<_Iter>(_Iter,_Iter,float *)'에 대한 참조를 확인하십시오.
          with
          [
              _Ty=float,
              _Iter=std::_Vector_iterator<std::_Vector_val<std::_Simple_types<double>>>
          ]
  C:\Program Files (x86)\Microsoft Visual Studio 14.0\VC\include\vector(793): note: 컴파일 중인 함수 템플릿 인스턴스화 'void std::vector<float,std::allocator<_Ty>>::_Construct<_Iter>(_Iter,_Iter,std::forward_iterator_tag)'에 대한 참조를 확인하십시오.
          with
          [
              _Ty=float,
              _Iter=std::_Vector_iterator<std::_Vector_val<std::_Simple_types<double>>>
          ]
  C:\Program Files (x86)\Microsoft Visual Studio 14.0\VC\include\vector(793): note: 컴파일 중인 함수 템플릿 인스턴스화 'void std::vector<float,std::allocator<_Ty>>::_Construct<_Iter>(_Iter,_Iter,std::forward_iterator_tag)'에 대한 참조를 확인하십시오.
          with
          [
              _Ty=float,
              _Iter=std::_Vector_iterator<std::_Vector_val<std::_Simple_types<double>>>
          ]
  C:\Program Files (x86)\Microsoft Visual Studio 14.0\VC\include\vector(778): note: 컴파일 중인 함수 템플릿 인스턴스화 'void std::vector<float,std::allocator<_Ty>>::_Construct<_Iter>(_Iter,_Iter)'에 대한 참조를 확인하십시오.
          with
          [
              _Ty=float,
              _Iter=std::_Vector_iterator<std::_Vector_val<std::_Simple_types<double>>>
          ]
  C:\Program Files (x86)\Microsoft Visual Studio 14.0\VC\include\vector(778): note: 컴파일 중인 함수 템플릿 인스턴스화 'void std::vector<float,std::allocator<_Ty>>::_Construct<_Iter>(_Iter,_Iter)'에 대한 참조를 확인하십시오.
          with
          [
              _Ty=float,
              _Iter=std::_Vector_iterator<std::_Vector_val<std::_Simple_types<double>>>
          ]
  D:\git\openpose\python\openpose\_openpose.cpp(216): note: 컴파일 중인 함수 템플릿 인스턴스화 'std::vector<float,std::allocator<_Ty>>::vector<std::_Vector_iterator<std::_Vector_val<std::_Simple_types<double>>>,void>(_Iter,_Iter)'에 대한 참조를 확인하십시오.
          with
          [
              _Ty=float,
              _Iter=std::_Vector_iterator<std::_Vector_val<std::_Simple_types<double>>>
          ]
  D:\git\openpose\python\openpose\_openpose.cpp(216): note: 컴파일 중인 함수 템플릿 인스턴스화 'std::vector<float,std::allocator<_Ty>>::vector<std::_Vector_iterator<std::_Vector_val<std::_Simple_types<double>>>,void>(_Iter,_Iter)'에 대한 참조를 확인하십시오.
          with
          [
              _Ty=float,
              _Iter=std::_Vector_iterator<std::_Vector_val<std::_Simple_types<double>>>
          ]
     D:/git/openpose/bulid_windows/python/openpose/Debug/_openpose.lib 라이브러리 및 D:/git/openpose/bulid_windows/python/openpose/Debug/_openpose.exp 개체를 생성하고 있습니다.
  _openpose.vcxproj -> D:\git\openpose\bulid_windows\python\openpose\Debug\_openpose.dll
  _openpose.vcxproj -> D:/git/openpose/bulid_windows/python/openpose/Debug/_openpose.pdb (Full PDB)
