d:\git\openpose\bulid_windows\src\openpose\openpose.dir\debug\3d\definetemplates.cpp.obj
d:\git\openpose\bulid_windows\src\openpose\openpose.dir\debug\jointangleestimation.obj
d:\git\openpose\bulid_windows\src\openpose\openpose.dir\debug\gridpatternfunctions.obj
d:\git\openpose\bulid_windows\src\openpose\openpose.dir\debug\cvmattoopoutput.obj
d:\git\openpose\bulid_windows\src\openpose\openpose.dir\debug\keeptopnpeople.obj
d:\git\openpose\bulid_windows\src\openpose\openpose.dir\debug\point.obj
d:\git\openpose\bulid_windows\src\openpose\openpose.dir\debug\facedetector.obj
d:\git\openpose\bulid_windows\src\openpose\openpose.dir\debug\facecpurenderer.obj
d:\git\openpose\bulid_windows\src\openpose\openpose.dir\debug\renderface.obj
d:\git\openpose\bulid_windows\src\openpose\openpose.dir\debug\heatmapsaver.obj
d:\git\openpose\bulid_windows\src\openpose\openpose.dir\debug\keypointsaver.obj
d:\git\openpose\bulid_windows\src\openpose\openpose.dir\debug\cuda.obj
d:\git\openpose\bulid_windows\src\openpose\openpose.dir\debug\guiadam.obj
d:\git\openpose\bulid_windows\src\openpose\openpose.dir\debug\gui3d.obj
d:\git\openpose\bulid_windows\src\openpose\openpose.dir\debug\handextractornet.obj
d:\git\openpose\bulid_windows\src\openpose\openpose.dir\debug\handrenderer.obj
d:\git\openpose\bulid_windows\src\openpose\openpose.dir\debug\netcaffe.obj
d:\git\openpose\bulid_windows\src\openpose\openpose.dir\debug\resizeandmergebasecl.obj
d:\git\openpose\bulid_windows\src\openpose\openpose.dir\debug\bodypartconnectorcaffe.obj
d:\git\openpose\bulid_windows\src\openpose\openpose.dir\debug\posegpurenderer.obj
d:\git\openpose\bulid_windows\src\openpose\openpose.dir\debug\renderpose.obj
d:\git\openpose\bulid_windows\src\openpose\openpose.dir\debug\ipcamerareader.obj
d:\git\openpose\bulid_windows\src\openpose\openpose.dir\debug\videoreader.obj
d:\git\openpose\bulid_windows\src\openpose\openpose.dir\debug\pyramidallk.obj
d:\git\openpose\bulid_windows\src\openpose\openpose.dir\debug\opencv.obj
d:\git\openpose\bulid_windows\src\openpose\openpose.dir\debug\wrapperauxiliary.obj
d:\git\openpose\bulid_windows\src\openpose\openpose.dir\debug\wrapperstructinput.obj
d:\git\openpose\bulid_windows\src\openpose\openpose.dir\debug\cameraparameterestimation.obj
d:\git\openpose\bulid_windows\src\openpose\openpose.dir\debug\datum.obj
d:\git\openpose\bulid_windows\src\openpose\openpose.dir\debug\opoutputtocvmat.obj
d:\git\openpose\bulid_windows\src\openpose\openpose.dir\debug\scaleandsizeextractor.obj
d:\git\openpose\bulid_windows\src\openpose\openpose.dir\debug\faceextractornet.obj
d:\git\openpose\bulid_windows\src\openpose\openpose.dir\debug\facerenderer.obj
d:\git\openpose\bulid_windows\src\openpose\openpose.dir\debug\filestream.obj
d:\git\openpose\bulid_windows\src\openpose\openpose.dir\debug\peoplejsonsaver.obj
d:\git\openpose\bulid_windows\src\openpose\openpose.dir\debug\gpu.obj
d:\git\openpose\bulid_windows\src\openpose\openpose.dir\debug\gui.obj
d:\git\openpose\bulid_windows\src\openpose\openpose.dir\debug\handdetectorfromtxt.obj
d:\git\openpose\bulid_windows\src\openpose\openpose.dir\debug\handgpurenderer.obj
d:\git\openpose\bulid_windows\src\openpose\openpose.dir\debug\maximumcaffe.obj
d:\git\openpose\bulid_windows\src\openpose\openpose.dir\debug\resizeandmergebase.obj
d:\git\openpose\bulid_windows\src\openpose\openpose.dir\debug\bodypartconnectorbase.obj
d:\git\openpose\bulid_windows\src\openpose\openpose.dir\debug\poseextractornet.obj
d:\git\openpose\bulid_windows\src\openpose\openpose.dir\debug\poseparametersrender.obj
d:\git\openpose\bulid_windows\src\openpose\openpose.dir\debug\imagedirectoryreader.obj
d:\git\openpose\bulid_windows\src\openpose\openpose.dir\debug\videocapturereader.obj
d:\git\openpose\bulid_windows\src\openpose\openpose.dir\debug\persontracker.obj
d:\git\openpose\bulid_windows\src\openpose\openpose.dir\debug\flagstoopenpose.obj
d:\git\openpose\bulid_windows\src\openpose\openpose.dir\debug\profiler.obj
d:\git\openpose\bulid_windows\src\openpose\openpose.dir\debug\wrapperstructface.obj
d:\git\openpose\bulid_windows\src\openpose\openpose.dir\debug\wrapperstructpose.obj
d:\git\openpose\bulid_windows\src\openpose\openpose.dir\debug\posetriangulation.obj
d:\git\openpose\bulid_windows\src\openpose\openpose.dir\debug\cvmattoopinput.obj
d:\git\openpose\bulid_windows\src\openpose\openpose.dir\debug\gpurenderer.obj
d:\git\openpose\bulid_windows\src\openpose\openpose.dir\debug\rectangle.obj
d:\git\openpose\bulid_windows\src\openpose\openpose.dir\debug\facedetectoropencv.obj
d:\git\openpose\bulid_windows\src\openpose\openpose.dir\debug\facegpurenderer.obj
d:\git\openpose\bulid_windows\src\openpose\openpose.dir\debug\filesaver.obj
d:\git\openpose\bulid_windows\src\openpose\openpose.dir\debug\jsonofstream.obj
d:\git\openpose\bulid_windows\src\openpose\openpose.dir\debug\videosaver.obj
d:\git\openpose\bulid_windows\src\openpose\openpose.dir\debug\framedisplayer.obj
d:\git\openpose\bulid_windows\src\openpose\openpose.dir\debug\handdetector.obj
d:\git\openpose\bulid_windows\src\openpose\openpose.dir\debug\handcpurenderer.obj
d:\git\openpose\bulid_windows\src\openpose\openpose.dir\debug\renderhand.obj
d:\git\openpose\bulid_windows\src\openpose\openpose.dir\debug\nmsbase.obj
d:\git\openpose\bulid_windows\src\openpose\openpose.dir\debug\nmscaffe.obj
d:\git\openpose\bulid_windows\src\openpose\openpose.dir\debug\posecpurenderer.obj
d:\git\openpose\bulid_windows\src\openpose\openpose.dir\debug\poseextractorcaffe.obj
d:\git\openpose\bulid_windows\src\openpose\openpose.dir\debug\poserenderer.obj
d:\git\openpose\bulid_windows\src\openpose\openpose.dir\debug\producer.obj
d:\git\openpose\bulid_windows\src\openpose\openpose.dir\debug\webcamreader.obj
d:\git\openpose\bulid_windows\src\openpose\openpose.dir\debug\errorandlog.obj
d:\git\openpose\bulid_windows\src\openpose\openpose.dir\debug\keypoint.obj
d:\git\openpose\bulid_windows\src\openpose\openpose.dir\debug\string.obj
d:\git\openpose\bulid_windows\src\openpose\openpose.dir\debug\wrapperstructhand.obj
d:\git\openpose\bulid_windows\src\openpose\openpose.dir\debug\cameraparameterreader.obj
d:\git\openpose\bulid_windows\src\openpose\openpose.dir\debug\array.obj
d:\git\openpose\bulid_windows\src\openpose\openpose.dir\debug\keypointscaler.obj
d:\git\openpose\bulid_windows\src\openpose\openpose.dir\debug\renderer.obj
d:\git\openpose\bulid_windows\src\openpose\openpose.dir\debug\faceextractorcaffe.obj
d:\git\openpose\bulid_windows\src\openpose\openpose.dir\debug\bvhsaver.obj
d:\git\openpose\bulid_windows\src\openpose\openpose.dir\debug\cocojsonsaver.obj
d:\git\openpose\bulid_windows\src\openpose\openpose.dir\debug\imagesaver.obj
d:\git\openpose\bulid_windows\src\openpose\openpose.dir\debug\udpsender.obj
d:\git\openpose\bulid_windows\src\openpose\openpose.dir\debug\opencl.obj
d:\git\openpose\bulid_windows\src\openpose\openpose.dir\debug\guiinfoadder.obj
d:\git\openpose\bulid_windows\src\openpose\openpose.dir\debug\handextractorcaffe.obj
d:\git\openpose\bulid_windows\src\openpose\openpose.dir\debug\maximumbase.obj
d:\git\openpose\bulid_windows\src\openpose\openpose.dir\debug\nmsbasecl.obj
d:\git\openpose\bulid_windows\src\openpose\openpose.dir\debug\resizeandmergecaffe.obj
d:\git\openpose\bulid_windows\src\openpose\openpose.dir\debug\poseextractor.obj
d:\git\openpose\bulid_windows\src\openpose\openpose.dir\debug\poseparameters.obj
d:\git\openpose\bulid_windows\src\openpose\openpose.dir\debug\flirreader.obj
d:\git\openpose\bulid_windows\src\openpose\openpose.dir\debug\spinnakerwrapper.obj
d:\git\openpose\bulid_windows\src\openpose\openpose.dir\debug\personidextractor.obj
d:\git\openpose\bulid_windows\src\openpose\openpose.dir\debug\filesystem.obj
d:\git\openpose\bulid_windows\src\openpose\openpose.dir\debug\wrapperstructextra.obj
d:\git\openpose\bulid_windows\src\openpose\openpose.dir\debug\wrapperstructoutput.obj
d:\git\openpose\bulid_windows\src\openpose\openpose.dir\debug\core\definetemplates.cpp.obj
d:\git\openpose\bulid_windows\src\openpose\openpose.dir\debug\face\definetemplates.cpp.obj
d:\git\openpose\bulid_windows\src\openpose\openpose.dir\debug\filestream\definetemplates.cpp.obj
d:\git\openpose\bulid_windows\src\openpose\openpose.dir\debug\gui\definetemplates.cpp.obj
d:\git\openpose\bulid_windows\src\openpose\openpose.dir\debug\hand\definetemplates.cpp.obj
d:\git\openpose\bulid_windows\src\openpose\openpose.dir\debug\pose\definetemplates.cpp.obj
d:\git\openpose\bulid_windows\src\openpose\openpose.dir\debug\producer\definetemplates.cpp.obj
d:\git\openpose\bulid_windows\src\openpose\openpose.dir\debug\thread\definetemplates.cpp.obj
d:\git\openpose\bulid_windows\src\openpose\openpose.dir\debug\tracking\definetemplates.cpp.obj
d:\git\openpose\bulid_windows\src\openpose\openpose.dir\debug\wrapper\definetemplates.cpp.obj
d:\git\openpose\bulid_windows\src\openpose\cmakefiles\openpose.dir\face\debug\openpose_generated_renderface.cu.obj
d:\git\openpose\bulid_windows\src\openpose\cmakefiles\openpose.dir\hand\debug\openpose_generated_renderhand.cu.obj
d:\git\openpose\bulid_windows\src\openpose\cmakefiles\openpose.dir\net\debug\openpose_generated_maximumbase.cu.obj
d:\git\openpose\bulid_windows\src\openpose\cmakefiles\openpose.dir\net\debug\openpose_generated_nmsbase.cu.obj
d:\git\openpose\bulid_windows\src\openpose\cmakefiles\openpose.dir\net\debug\openpose_generated_resizeandmergebase.cu.obj
d:\git\openpose\bulid_windows\src\openpose\cmakefiles\openpose.dir\pose\debug\openpose_generated_bodypartconnectorbase.cu.obj
d:\git\openpose\bulid_windows\src\openpose\cmakefiles\openpose.dir\pose\debug\openpose_generated_renderpose.cu.obj
d:\git\openpose\bulid_windows\src\openpose\cmakefiles\openpose.dir\tracking\debug\openpose_generated_pyramidallk.cu.obj
d:\git\openpose\bulid_windows\x64\debug\openposed.ilk
d:\git\openpose\bulid_windows\x64\debug\openposed.dll
d:\git\openpose\bulid_windows\x64\debug\openposed.pdb
d:\git\openpose\bulid_windows\src\openpose\debug\openposed.lib
d:\git\openpose\bulid_windows\src\openpose\debug\openposed.exp
d:\git\openpose\bulid_windows\src\openpose\openpose.dir\debug\openpose.tlog\cl.command.1.tlog
d:\git\openpose\bulid_windows\src\openpose\openpose.dir\debug\openpose.tlog\cl.read.1.tlog
d:\git\openpose\bulid_windows\src\openpose\openpose.dir\debug\openpose.tlog\cl.write.1.tlog
d:\git\openpose\bulid_windows\src\openpose\openpose.dir\debug\openpose.tlog\custombuild.command.1.tlog
d:\git\openpose\bulid_windows\src\openpose\openpose.dir\debug\openpose.tlog\custombuild.read.1.tlog
d:\git\openpose\bulid_windows\src\openpose\openpose.dir\debug\openpose.tlog\custombuild.write.1.tlog
d:\git\openpose\bulid_windows\src\openpose\openpose.dir\debug\openpose.tlog\link.command.1.tlog
d:\git\openpose\bulid_windows\src\openpose\openpose.dir\debug\openpose.tlog\link.read.1.tlog
d:\git\openpose\bulid_windows\src\openpose\openpose.dir\debug\openpose.tlog\link.write.1.tlog
d:\git\openpose\bulid_windows\src\openpose\openpose.dir\debug\openpose.tlog\openpose.write.1u.tlog
