d:\git\openpose\bulid_windows\src\openpose\openpose.dir\release\3d\definetemplates.cpp.obj
d:\git\openpose\bulid_windows\src\openpose\openpose.dir\release\posetriangulation.obj
d:\git\openpose\bulid_windows\src\openpose\openpose.dir\release\cvmattoopoutput.obj
d:\git\openpose\bulid_windows\src\openpose\openpose.dir\release\keeptopnpeople.obj
d:\git\openpose\bulid_windows\src\openpose\openpose.dir\release\point.obj
d:\git\openpose\bulid_windows\src\openpose\openpose.dir\release\facedetector.obj
d:\git\openpose\bulid_windows\src\openpose\openpose.dir\release\facecpurenderer.obj
d:\git\openpose\bulid_windows\src\openpose\openpose.dir\release\renderface.obj
d:\git\openpose\bulid_windows\src\openpose\openpose.dir\release\heatmapsaver.obj
d:\git\openpose\bulid_windows\src\openpose\openpose.dir\release\keypointsaver.obj
d:\git\openpose\bulid_windows\src\openpose\openpose.dir\release\cuda.obj
d:\git\openpose\bulid_windows\src\openpose\openpose.dir\release\guiadam.obj
d:\git\openpose\bulid_windows\src\openpose\openpose.dir\release\gui3d.obj
d:\git\openpose\bulid_windows\src\openpose\openpose.dir\release\handextractorcaffe.obj
d:\git\openpose\bulid_windows\src\openpose\openpose.dir\release\maximumbase.obj
d:\git\openpose\bulid_windows\src\openpose\openpose.dir\release\nmsbasecl.obj
d:\git\openpose\bulid_windows\src\openpose\openpose.dir\release\resizeandmergecaffe.obj
d:\git\openpose\bulid_windows\src\openpose\openpose.dir\release\poseextractor.obj
d:\git\openpose\bulid_windows\src\openpose\openpose.dir\release\poseparameters.obj
d:\git\openpose\bulid_windows\src\openpose\openpose.dir\release\producer.obj
d:\git\openpose\bulid_windows\src\openpose\openpose.dir\release\webcamreader.obj
d:\git\openpose\bulid_windows\src\openpose\openpose.dir\release\errorandlog.obj
d:\git\openpose\bulid_windows\src\openpose\openpose.dir\release\flagstoopenpose.obj
d:\git\openpose\bulid_windows\src\openpose\openpose.dir\release\profiler.obj
d:\git\openpose\bulid_windows\src\openpose\openpose.dir\release\wrapperstructface.obj
d:\git\openpose\bulid_windows\src\openpose\openpose.dir\release\wrapperstructpose.obj
d:\git\openpose\bulid_windows\src\openpose\openpose.dir\release\jointangleestimation.obj
d:\git\openpose\bulid_windows\src\openpose\openpose.dir\release\gridpatternfunctions.obj
d:\git\openpose\bulid_windows\src\openpose\openpose.dir\release\cvmattoopinput.obj
d:\git\openpose\bulid_windows\src\openpose\openpose.dir\release\gpurenderer.obj
d:\git\openpose\bulid_windows\src\openpose\openpose.dir\release\keypointscaler.obj
d:\git\openpose\bulid_windows\src\openpose\openpose.dir\release\rectangle.obj
d:\git\openpose\bulid_windows\src\openpose\openpose.dir\release\faceextractornet.obj
d:\git\openpose\bulid_windows\src\openpose\openpose.dir\release\facerenderer.obj
d:\git\openpose\bulid_windows\src\openpose\openpose.dir\release\filestream.obj
d:\git\openpose\bulid_windows\src\openpose\openpose.dir\release\peoplejsonsaver.obj
d:\git\openpose\bulid_windows\src\openpose\openpose.dir\release\gpu.obj
d:\git\openpose\bulid_windows\src\openpose\openpose.dir\release\gui.obj
d:\git\openpose\bulid_windows\src\openpose\openpose.dir\release\handdetectorfromtxt.obj
d:\git\openpose\bulid_windows\src\openpose\openpose.dir\release\handgpurenderer.obj
d:\git\openpose\bulid_windows\src\openpose\openpose.dir\release\maximumcaffe.obj
d:\git\openpose\bulid_windows\src\openpose\openpose.dir\release\resizeandmergebase.obj
d:\git\openpose\bulid_windows\src\openpose\openpose.dir\release\bodypartconnectorbase.obj
d:\git\openpose\bulid_windows\src\openpose\openpose.dir\release\posegpurenderer.obj
d:\git\openpose\bulid_windows\src\openpose\openpose.dir\release\poserenderer.obj
d:\git\openpose\bulid_windows\src\openpose\openpose.dir\release\flirreader.obj
d:\git\openpose\bulid_windows\src\openpose\openpose.dir\release\spinnakerwrapper.obj
d:\git\openpose\bulid_windows\src\openpose\openpose.dir\release\personidextractor.obj
d:\git\openpose\bulid_windows\src\openpose\openpose.dir\release\opencv.obj
d:\git\openpose\bulid_windows\src\openpose\openpose.dir\release\wrapperauxiliary.obj
d:\git\openpose\bulid_windows\src\openpose\openpose.dir\release\wrapperstructoutput.obj
d:\git\openpose\bulid_windows\src\openpose\openpose.dir\release\cameraparameterreader.obj
d:\git\openpose\bulid_windows\src\openpose\openpose.dir\release\array.obj
d:\git\openpose\bulid_windows\src\openpose\openpose.dir\release\scaleandsizeextractor.obj
d:\git\openpose\bulid_windows\src\openpose\openpose.dir\release\faceextractorcaffe.obj
d:\git\openpose\bulid_windows\src\openpose\openpose.dir\release\cocojsonsaver.obj
d:\git\openpose\bulid_windows\src\openpose\openpose.dir\release\jsonofstream.obj
d:\git\openpose\bulid_windows\src\openpose\openpose.dir\release\videosaver.obj
d:\git\openpose\bulid_windows\src\openpose\openpose.dir\release\framedisplayer.obj
d:\git\openpose\bulid_windows\src\openpose\openpose.dir\release\handdetector.obj
d:\git\openpose\bulid_windows\src\openpose\openpose.dir\release\handcpurenderer.obj
d:\git\openpose\bulid_windows\src\openpose\openpose.dir\release\handrenderer.obj
d:\git\openpose\bulid_windows\src\openpose\openpose.dir\release\netcaffe.obj
d:\git\openpose\bulid_windows\src\openpose\openpose.dir\release\resizeandmergebasecl.obj
d:\git\openpose\bulid_windows\src\openpose\openpose.dir\release\bodypartconnectorcaffe.obj
d:\git\openpose\bulid_windows\src\openpose\openpose.dir\release\poseextractornet.obj
d:\git\openpose\bulid_windows\src\openpose\openpose.dir\release\poseparametersrender.obj
d:\git\openpose\bulid_windows\src\openpose\openpose.dir\release\imagedirectoryreader.obj
d:\git\openpose\bulid_windows\src\openpose\openpose.dir\release\videoreader.obj
d:\git\openpose\bulid_windows\src\openpose\openpose.dir\release\pyramidallk.obj
d:\git\openpose\bulid_windows\src\openpose\openpose.dir\release\filesystem.obj
d:\git\openpose\bulid_windows\src\openpose\openpose.dir\release\wrapperstructextra.obj
d:\git\openpose\bulid_windows\src\openpose\openpose.dir\release\wrapperstructhand.obj
d:\git\openpose\bulid_windows\src\openpose\openpose.dir\release\cameraparameterestimation.obj
d:\git\openpose\bulid_windows\src\openpose\openpose.dir\release\datum.obj
d:\git\openpose\bulid_windows\src\openpose\openpose.dir\release\opoutputtocvmat.obj
d:\git\openpose\bulid_windows\src\openpose\openpose.dir\release\renderer.obj
d:\git\openpose\bulid_windows\src\openpose\openpose.dir\release\facedetectoropencv.obj
d:\git\openpose\bulid_windows\src\openpose\openpose.dir\release\facegpurenderer.obj
d:\git\openpose\bulid_windows\src\openpose\openpose.dir\release\bvhsaver.obj
d:\git\openpose\bulid_windows\src\openpose\openpose.dir\release\filesaver.obj
d:\git\openpose\bulid_windows\src\openpose\openpose.dir\release\imagesaver.obj
d:\git\openpose\bulid_windows\src\openpose\openpose.dir\release\udpsender.obj
d:\git\openpose\bulid_windows\src\openpose\openpose.dir\release\opencl.obj
d:\git\openpose\bulid_windows\src\openpose\openpose.dir\release\guiinfoadder.obj
d:\git\openpose\bulid_windows\src\openpose\openpose.dir\release\handextractornet.obj
d:\git\openpose\bulid_windows\src\openpose\openpose.dir\release\renderhand.obj
d:\git\openpose\bulid_windows\src\openpose\openpose.dir\release\nmsbase.obj
d:\git\openpose\bulid_windows\src\openpose\openpose.dir\release\nmscaffe.obj
d:\git\openpose\bulid_windows\src\openpose\openpose.dir\release\posecpurenderer.obj
d:\git\openpose\bulid_windows\src\openpose\openpose.dir\release\poseextractorcaffe.obj
d:\git\openpose\bulid_windows\src\openpose\openpose.dir\release\renderpose.obj
d:\git\openpose\bulid_windows\src\openpose\openpose.dir\release\ipcamerareader.obj
d:\git\openpose\bulid_windows\src\openpose\openpose.dir\release\videocapturereader.obj
d:\git\openpose\bulid_windows\src\openpose\openpose.dir\release\persontracker.obj
d:\git\openpose\bulid_windows\src\openpose\openpose.dir\release\keypoint.obj
d:\git\openpose\bulid_windows\src\openpose\openpose.dir\release\string.obj
d:\git\openpose\bulid_windows\src\openpose\openpose.dir\release\wrapperstructinput.obj
d:\git\openpose\bulid_windows\src\openpose\openpose.dir\release\core\definetemplates.cpp.obj
d:\git\openpose\bulid_windows\src\openpose\openpose.dir\release\face\definetemplates.cpp.obj
d:\git\openpose\bulid_windows\src\openpose\openpose.dir\release\filestream\definetemplates.cpp.obj
d:\git\openpose\bulid_windows\src\openpose\openpose.dir\release\gui\definetemplates.cpp.obj
d:\git\openpose\bulid_windows\src\openpose\openpose.dir\release\hand\definetemplates.cpp.obj
d:\git\openpose\bulid_windows\src\openpose\openpose.dir\release\pose\definetemplates.cpp.obj
d:\git\openpose\bulid_windows\src\openpose\openpose.dir\release\producer\definetemplates.cpp.obj
d:\git\openpose\bulid_windows\src\openpose\openpose.dir\release\thread\definetemplates.cpp.obj
d:\git\openpose\bulid_windows\src\openpose\openpose.dir\release\tracking\definetemplates.cpp.obj
d:\git\openpose\bulid_windows\src\openpose\openpose.dir\release\wrapper\definetemplates.cpp.obj
d:\git\openpose\bulid_windows\src\openpose\cmakefiles\openpose.dir\face\release\openpose_generated_renderface.cu.obj
d:\git\openpose\bulid_windows\src\openpose\cmakefiles\openpose.dir\hand\release\openpose_generated_renderhand.cu.obj
d:\git\openpose\bulid_windows\src\openpose\cmakefiles\openpose.dir\net\release\openpose_generated_maximumbase.cu.obj
d:\git\openpose\bulid_windows\src\openpose\cmakefiles\openpose.dir\net\release\openpose_generated_nmsbase.cu.obj
d:\git\openpose\bulid_windows\src\openpose\cmakefiles\openpose.dir\net\release\openpose_generated_resizeandmergebase.cu.obj
d:\git\openpose\bulid_windows\src\openpose\cmakefiles\openpose.dir\pose\release\openpose_generated_bodypartconnectorbase.cu.obj
d:\git\openpose\bulid_windows\src\openpose\cmakefiles\openpose.dir\pose\release\openpose_generated_renderpose.cu.obj
d:\git\openpose\bulid_windows\src\openpose\cmakefiles\openpose.dir\tracking\release\openpose_generated_pyramidallk.cu.obj
d:\git\openpose\bulid_windows\x64\release\openpose.dll
d:\git\openpose\bulid_windows\src\openpose\release\openpose.lib
d:\git\openpose\bulid_windows\src\openpose\release\openpose.exp
d:\git\openpose\bulid_windows\src\openpose\openpose.dir\release\openpose.tlog\cl.command.1.tlog
d:\git\openpose\bulid_windows\src\openpose\openpose.dir\release\openpose.tlog\cl.read.1.tlog
d:\git\openpose\bulid_windows\src\openpose\openpose.dir\release\openpose.tlog\cl.write.1.tlog
d:\git\openpose\bulid_windows\src\openpose\openpose.dir\release\openpose.tlog\custombuild.command.1.tlog
d:\git\openpose\bulid_windows\src\openpose\openpose.dir\release\openpose.tlog\custombuild.read.1.tlog
d:\git\openpose\bulid_windows\src\openpose\openpose.dir\release\openpose.tlog\custombuild.write.1.tlog
d:\git\openpose\bulid_windows\src\openpose\openpose.dir\release\openpose.tlog\link.command.1.tlog
d:\git\openpose\bulid_windows\src\openpose\openpose.dir\release\openpose.tlog\link.read.1.tlog
d:\git\openpose\bulid_windows\src\openpose\openpose.dir\release\openpose.tlog\link.write.1.tlog
d:\git\openpose\bulid_windows\src\openpose\openpose.dir\release\openpose.tlog\openpose.write.1u.tlog
